<?xml version="1.0" encoding="UTF-8"?>
<testng-results ignored="0" total="1" passed="1" failed="0" skipped="0">
  <reporter-output>
  </reporter-output>
  <suite started-at="2026-06-16T07:08:29 IST" name="Default suite" finished-at="2026-06-16T07:08:36 IST" duration-ms="7009">
    <groups>
    </groups>
    <test started-at="2026-06-16T07:08:29 IST" name="Default test" finished-at="2026-06-16T07:08:36 IST" duration-ms="7009">
      <class name="com.test.delete">
        <test-method signature="deletePost()[pri:0, instance:com.test.delete@22f59fa]" started-at="2026-06-16T07:08:29 IST" name="deletePost" finished-at="2026-06-16T07:08:36 IST" duration-ms="6794" status="PASS">
          <reporter-output>
          </reporter-output>
        </test-method> <!-- deletePost -->
      </class> <!-- com.test.delete -->
    </test> <!-- Default test -->
  </suite> <!-- Default suite -->
</testng-results>
