<?xml version="1.0" encoding="UTF-8"?>
<!-- Generated by org.testng.reporters.JUnitReportReporter -->
<testsuite hostname="SR" failures="0" tests="6" name="com.test.AdminLogin" time="9.056" errors="0" timestamp="2026-06-17T13:10:59 IST" skipped="0">
  <testcase classname="com.test.AdminLogin" name="validLogin" time="3.558"/>
  <testcase classname="com.test.AdminLogin" name="invalPassword" time="3.219"/>
  <testcase classname="com.test.AdminLogin" name="withoutdata" time="0.516"/>
  <testcase classname="com.test.AdminLogin" name="invalEmail" time="0.611"/>
  <testcase classname="com.test.AdminLogin" name="withoutdata" time="0.658"/>
  <testcase classname="com.test.AdminLogin" name="withoutdata" time="0.494"/>
</testsuite> <!-- com.test.AdminLogin -->
