<?xml version="1.0" encoding="UTF-8"?>
<!-- Generated by org.testng.reporters.JUnitReportReporter -->
<testsuite hostname="SR" failures="0" tests="12" name="com.test.getAllNotes" time="67.728" errors="0" timestamp="2026-06-22T22:13:54 IST" skipped="0">
  <testcase classname="com.test.getAllNotes" name="getAllNotesWithBlankOptions" time="6.966"/>
  <testcase classname="com.test.getAllNotes" name="getAllNotesWithAllParams" time="5.096"/>
  <testcase classname="com.test.getAllNotes" name="getAllNotesWithBlankOptions" time="5.036"/>
  <testcase classname="com.test.getAllNotes" name="getAllNotesWithBlankOptions" time="6.307"/>
  <testcase classname="com.test.getAllNotes" name="getAllNotesWithBlankOptions" time="5.072"/>
  <testcase classname="com.test.getAllNotes" name="getAllNotesWithAllParams" time="5.639"/>
  <testcase classname="com.test.getAllNotes" name="getAllNotesWithAllParams" time="5.651"/>
  <testcase classname="com.test.getAllNotes" name="getAllNotesWithBlankOptions" time="6.281"/>
  <testcase classname="com.test.getAllNotes" name="getAllNotesWithAllParams" time="5.137"/>
  <testcase classname="com.test.getAllNotes" name="getAllNotesWithAllParams" time="5.078"/>
  <testcase classname="com.test.getAllNotes" name="getAllNotesWithBlankOptions" time="5.955"/>
  <testcase classname="com.test.getAllNotes" name="validWithoutPara" time="5.510"/>
</testsuite> <!-- com.test.getAllNotes -->
