<?xml version="1.0" encoding="UTF-8"?>
<!-- Generated by org.testng.reporters.JUnitReportReporter -->
<testsuite hostname="SR" failures="0" tests="6" name="com.test.AdminLogin" time="10.137" errors="0" timestamp="2026-06-22T22:13:54 IST" skipped="0">
  <testcase classname="com.test.AdminLogin" name="withoutdata" time="0.376"/>
  <testcase classname="com.test.AdminLogin" name="invalEmail" time="0.613"/>
  <testcase classname="com.test.AdminLogin" name="invalPassword" time="3.944"/>
  <testcase classname="com.test.AdminLogin" name="withoutdata" time="0.611"/>
  <testcase classname="com.test.AdminLogin" name="validLogin" time="4.228"/>
  <testcase classname="com.test.AdminLogin" name="withoutdata" time="0.365"/>
</testsuite> <!-- com.test.AdminLogin -->
