<?xml version="1.0" encoding="UTF-8"?>
<testng-results ignored="0" total="1" passed="1" failed="0" skipped="0">
  <reporter-output>
  </reporter-output>
  <suite started-at="2026-06-16T16:41:20 IST" name="Default suite" finished-at="2026-06-16T16:41:23 IST" duration-ms="3421">
    <groups>
    </groups>
    <test started-at="2026-06-16T16:41:20 IST" name="Default test" finished-at="2026-06-16T16:41:23 IST" duration-ms="3421">
      <class name="com.test.LoginTest">
        <test-method signature="loginTest()[pri:0, instance:com.test.LoginTest@c8c12ac]" started-at="2026-06-16T16:41:20 IST" name="loginTest" finished-at="2026-06-16T16:41:23 IST" duration-ms="3344" status="PASS">
          <reporter-output>
          </reporter-output>
        </test-method> <!-- loginTest -->
      </class> <!-- com.test.LoginTest -->
    </test> <!-- Default test -->
  </suite> <!-- Default suite -->
</testng-results>
