<?xml version="1.0" encoding="UTF-8"?>
<testng-results ignored="0" total="1" passed="1" failed="0" skipped="0">
  <reporter-output>
  </reporter-output>
  <suite started-at="2026-06-16T11:58:30 IST" name="Default suite" finished-at="2026-06-16T11:58:33 IST" duration-ms="3663">
    <groups>
    </groups>
    <test started-at="2026-06-16T11:58:30 IST" name="Default test" finished-at="2026-06-16T11:58:33 IST" duration-ms="3663">
      <class name="com.test.delete">
        <test-method signature="f()[pri:0, instance:com.test.delete@c8c12ac]" started-at="2026-06-16T11:58:30 IST" name="f" finished-at="2026-06-16T11:58:33 IST" duration-ms="3594" status="PASS">
          <reporter-output>
          </reporter-output>
        </test-method> <!-- f -->
      </class> <!-- com.test.delete -->
    </test> <!-- Default test -->
  </suite> <!-- Default suite -->
</testng-results>
