<?xml version="1.0" encoding="UTF-8"?>
<!-- Generated by org.testng.reporters.JUnitXMLReporter -->
<testsuite ignored="0" hostname="SR" failures="0" tests="13" name="API Test Cases" time="38.777" errors="0" timestamp="2026-06-17T13:10:59 IST">
  <testcase classname="com.test.CreateNote" name="createNote" time="10.634"/>
  <testcase classname="com.test.getAllCourse" name="getALLcourse" time="5.774"/>
  <testcase classname="com.test.getAllCourse" name="getAllcourseWithoutToken" time="4.362"/>
  <testcase classname="com.test.getAllRole" name="allRoles" time="4.959"/>
  <testcase classname="com.test.getAllRole" name="allRolesWithoutToken" time="0.368"/>
  <testcase classname="com.test.getAllInstitutions" name="getALl" time="0.635"/>
  <testcase classname="com.test.healthCheck" name="Check" time="0.99"/>
  <testcase classname="com.test.AdminLogin" name="invalEmail" time="0.611"/>
  <testcase classname="com.test.AdminLogin" name="invalPassword" time="3.219"/>
  <testcase classname="com.test.AdminLogin" name="validLogin" time="3.558"/>
  <testcase classname="com.test.AdminLogin" name="withoutdata" time="0.658"/>
  <testcase classname="com.test.AdminLogin" name="withoutdata" time="0.516"/>
  <testcase classname="com.test.AdminLogin" name="withoutdata" time="0.494"/>
</testsuite> <!-- API Test Cases -->
