<?xml version="1.0" encoding="UTF-8"?>
<!-- Generated by org.testng.reporters.JUnitXMLReporter -->
<testsuite ignored="0" hostname="SR" failures="0" tests="25" name="API Test Cases" time="115.582" errors="0" timestamp="2026-06-22T22:13:54 IST">
  <testcase classname="com.test.CreateNote" name="createNote" time="8.738"/>
  <testcase classname="com.test.getAllCourse" name="getALLcourse" time="10.136"/>
  <testcase classname="com.test.getAllCourse" name="getAllcourseWithoutToken" time="8.937"/>
  <testcase classname="com.test.getAllRole" name="allRoles" time="6.97"/>
  <testcase classname="com.test.getAllRole" name="allRolesWithoutToken" time="0.36"/>
  <testcase classname="com.test.getAllInstitutions" name="getALl" time="0.605"/>
  <testcase classname="com.test.healthCheck" name="Check" time="0.77"/>
  <testcase classname="com.test.AdminLogin" name="invalEmail" time="0.613"/>
  <testcase classname="com.test.AdminLogin" name="invalPassword" time="3.944"/>
  <testcase classname="com.test.AdminLogin" name="validLogin" time="4.228"/>
  <testcase classname="com.test.AdminLogin" name="withoutdata" time="0.611"/>
  <testcase classname="com.test.AdminLogin" name="withoutdata" time="0.376"/>
  <testcase classname="com.test.AdminLogin" name="withoutdata" time="0.365"/>
  <testcase classname="com.test.getAllNotes" name="getAllNotesWithAllParams" time="5.651"/>
  <testcase classname="com.test.getAllNotes" name="getAllNotesWithAllParams" time="5.096"/>
  <testcase classname="com.test.getAllNotes" name="getAllNotesWithAllParams" time="5.639"/>
  <testcase classname="com.test.getAllNotes" name="getAllNotesWithAllParams" time="5.078"/>
  <testcase classname="com.test.getAllNotes" name="getAllNotesWithAllParams" time="5.137"/>
  <testcase classname="com.test.getAllNotes" name="getAllNotesWithBlankOptions" time="6.281"/>
  <testcase classname="com.test.getAllNotes" name="getAllNotesWithBlankOptions" time="5.955"/>
  <testcase classname="com.test.getAllNotes" name="getAllNotesWithBlankOptions" time="5.072"/>
  <testcase classname="com.test.getAllNotes" name="getAllNotesWithBlankOptions" time="5.036"/>
  <testcase classname="com.test.getAllNotes" name="getAllNotesWithBlankOptions" time="6.307"/>
  <testcase classname="com.test.getAllNotes" name="getAllNotesWithBlankOptions" time="6.966"/>
  <testcase classname="com.test.getAllNotes" name="validWithoutPara" time="5.51"/>
</testsuite> <!-- API Test Cases -->
