<?xml version="1.0" encoding="UTF-8"?>
<!-- Generated by org.testng.reporters.JUnitXMLReporter -->
<testsuite ignored="0" hostname="SR" failures="0" tests="12" name="Default test" time="95.564" errors="0" timestamp="2026-06-22T22:11:33 IST">
  <testcase classname="com.test.getAllNotes" name="getAllNotesWithAllParams" time="7.973"/>
  <testcase classname="com.test.getAllNotes" name="getAllNotesWithAllParams" time="5.151"/>
  <testcase classname="com.test.getAllNotes" name="getAllNotesWithAllParams" time="4.989"/>
  <testcase classname="com.test.getAllNotes" name="getAllNotesWithAllParams" time="5.729"/>
  <testcase classname="com.test.getAllNotes" name="getAllNotesWithAllParams" time="5.175"/>
  <testcase classname="com.test.getAllNotes" name="getAllNotesWithBlankOptions" time="8.691"/>
  <testcase classname="com.test.getAllNotes" name="getAllNotesWithBlankOptions" time="9.537"/>
  <testcase classname="com.test.getAllNotes" name="getAllNotesWithBlankOptions" time="23.618"/>
  <testcase classname="com.test.getAllNotes" name="getAllNotesWithBlankOptions" time="5.183"/>
  <testcase classname="com.test.getAllNotes" name="getAllNotesWithBlankOptions" time="7.957"/>
  <testcase classname="com.test.getAllNotes" name="getAllNotesWithBlankOptions" time="5.252"/>
  <testcase classname="com.test.getAllNotes" name="validWithoutPara" time="5.148"/>
</testsuite> <!-- Default test -->
