<?xml version="1.0" encoding="UTF-8"?>
<testng-results ignored="0" total="1" passed="1" failed="0" skipped="0">
  <reporter-output>
  </reporter-output>
  <suite started-at="2026-06-16T16:55:48 IST" name="Default suite" finished-at="2026-06-16T16:55:51 IST" duration-ms="2851">
    <groups>
    </groups>
    <test started-at="2026-06-16T16:55:48 IST" name="Default test" finished-at="2026-06-16T16:55:51 IST" duration-ms="2851">
      <class name="com.test.options">
        <test-method signature="testOptionsRequest()[pri:0, instance:com.test.options@18317edc]" started-at="2026-06-16T16:55:48 IST" name="testOptionsRequest" finished-at="2026-06-16T16:55:51 IST" duration-ms="2662" status="PASS">
          <reporter-output>
          </reporter-output>
        </test-method> <!-- testOptionsRequest -->
      </class> <!-- com.test.options -->
    </test> <!-- Default test -->
  </suite> <!-- Default suite -->
</testng-results>
