<?xml version="1.0" encoding="UTF-8"?>
<testng-results ignored="0" total="13" passed="13" failed="0" skipped="0">
  <reporter-output>
  </reporter-output>
  <suite started-at="2026-06-17T13:10:20 IST" name="LMS API Suite" finished-at="2026-06-17T13:10:59 IST" duration-ms="38777">
    <groups>
    </groups>
    <test started-at="2026-06-17T13:10:20 IST" name="API Test Cases" finished-at="2026-06-17T13:10:59 IST" duration-ms="38777">
      <class name="com.test.getAllInstitutions">
        <test-method signature="getALl()[pri:0, instance:com.test.getAllInstitutions@663411de]" started-at="2026-06-17T13:10:46 IST" name="getALl" finished-at="2026-06-17T13:10:47 IST" duration-ms="635" status="PASS">
          <reporter-output>
          </reporter-output>
        </test-method> <!-- getALl -->
      </class> <!-- com.test.getAllInstitutions -->
      <class name="com.test.CreateNote">
        <test-method signature="createNote()[pri:0, instance:com.test.CreateNote@7b84fcf8]" started-at="2026-06-17T13:10:20 IST" name="createNote" finished-at="2026-06-17T13:10:31 IST" duration-ms="10634" status="PASS">
          <reporter-output>
          </reporter-output>
        </test-method> <!-- createNote -->
      </class> <!-- com.test.CreateNote -->
      <class name="com.test.healthCheck">
        <test-method signature="Check()[pri:0, instance:com.test.healthCheck@63dd899]" started-at="2026-06-17T13:10:47 IST" name="Check" finished-at="2026-06-17T13:10:48 IST" duration-ms="990" status="PASS">
          <reporter-output>
          </reporter-output>
        </test-method> <!-- Check -->
      </class> <!-- com.test.healthCheck -->
      <class name="com.test.getAllRole">
        <test-method signature="allRoles()[pri:0, instance:com.test.getAllRole@1477089c]" started-at="2026-06-17T13:10:41 IST" name="allRoles" finished-at="2026-06-17T13:10:46 IST" duration-ms="4959" status="PASS">
          <reporter-output>
          </reporter-output>
        </test-method> <!-- allRoles -->
        <test-method signature="allRolesWithoutToken()[pri:0, instance:com.test.getAllRole@1477089c]" started-at="2026-06-17T13:10:46 IST" name="allRolesWithoutToken" finished-at="2026-06-17T13:10:46 IST" duration-ms="368" status="PASS">
          <reporter-output>
          </reporter-output>
        </test-method> <!-- allRolesWithoutToken -->
      </class> <!-- com.test.getAllRole -->
      <class name="com.test.AdminLogin">
        <test-method signature="invalEmail(java.lang.String,java.lang.String)[pri:0, instance:com.test.AdminLogin@59d2400d]" started-at="2026-06-17T13:10:50 IST" name="invalEmail" data-provider="invalidEmail" finished-at="2026-06-17T13:10:50 IST" duration-ms="611" status="PASS">
          <params>
            <param index="0">
              <value>
                <![CDATA[sam1@gmail.com]]>
              </value>
            </param>
            <param index="1">
              <value>
                <![CDATA[123]]>
              </value>
            </param>
          </params>
          <reporter-output>
          </reporter-output>
        </test-method> <!-- invalEmail -->
        <test-method signature="invalPassword(java.lang.String,java.lang.String)[pri:0, instance:com.test.AdminLogin@59d2400d]" started-at="2026-06-17T13:10:50 IST" name="invalPassword" data-provider="invalidPassword" finished-at="2026-06-17T13:10:54 IST" duration-ms="3219" status="PASS">
          <params>
            <param index="0">
              <value>
                <![CDATA[sam@gmail.com]]>
              </value>
            </param>
            <param index="1">
              <value>
                <![CDATA[1234]]>
              </value>
            </param>
          </params>
          <reporter-output>
          </reporter-output>
        </test-method> <!-- invalPassword -->
        <test-method signature="validLogin()[pri:0, instance:com.test.AdminLogin@59d2400d]" started-at="2026-06-17T13:10:54 IST" name="validLogin" finished-at="2026-06-17T13:10:57 IST" duration-ms="3558" status="PASS">
          <reporter-output>
          </reporter-output>
        </test-method> <!-- validLogin -->
        <test-method signature="withoutdata(java.lang.String,java.lang.String)[pri:0, instance:com.test.AdminLogin@59d2400d]" started-at="2026-06-17T13:10:57 IST" name="withoutdata" data-provider="withoutdata" finished-at="2026-06-17T13:10:58 IST" duration-ms="658" status="PASS">
          <params>
            <param index="0">
              <value>
                <![CDATA[  ]]>
              </value>
            </param>
            <param index="1">
              <value>
                <![CDATA[  ]]>
              </value>
            </param>
          </params>
          <reporter-output>
          </reporter-output>
        </test-method> <!-- withoutdata -->
        <test-method signature="withoutdata(java.lang.String,java.lang.String)[pri:0, instance:com.test.AdminLogin@59d2400d]" started-at="2026-06-17T13:10:58 IST" name="withoutdata" data-provider="withoutdata" finished-at="2026-06-17T13:10:58 IST" duration-ms="516" status="PASS">
          <params>
            <param index="0">
              <value>
                <![CDATA[da@gmail.com]]>
              </value>
            </param>
            <param index="1">
              <value>
                <![CDATA[]]>
              </value>
            </param>
          </params>
          <reporter-output>
          </reporter-output>
        </test-method> <!-- withoutdata -->
        <test-method signature="withoutdata(java.lang.String,java.lang.String)[pri:0, instance:com.test.AdminLogin@59d2400d]" started-at="2026-06-17T13:10:58 IST" name="withoutdata" data-provider="withoutdata" finished-at="2026-06-17T13:10:59 IST" duration-ms="494" status="PASS">
          <params>
            <param index="0">
              <value>
                <![CDATA[]]>
              </value>
            </param>
            <param index="1">
              <value>
                <![CDATA[123]]>
              </value>
            </param>
          </params>
          <reporter-output>
          </reporter-output>
        </test-method> <!-- withoutdata -->
      </class> <!-- com.test.AdminLogin -->
      <class name="com.test.getAllCourse">
        <test-method signature="getALLcourse()[pri:0, instance:com.test.getAllCourse@44b3606b]" started-at="2026-06-17T13:10:31 IST" name="getALLcourse" finished-at="2026-06-17T13:10:37 IST" duration-ms="5774" status="PASS">
          <reporter-output>
          </reporter-output>
        </test-method> <!-- getALLcourse -->
        <test-method signature="getAllcourseWithoutToken()[pri:0, instance:com.test.getAllCourse@44b3606b]" started-at="2026-06-17T13:10:37 IST" name="getAllcourseWithoutToken" finished-at="2026-06-17T13:10:41 IST" duration-ms="4362" status="PASS">
          <reporter-output>
          </reporter-output>
        </test-method> <!-- getAllcourseWithoutToken -->
      </class> <!-- com.test.getAllCourse -->
    </test> <!-- API Test Cases -->
  </suite> <!-- LMS API Suite -->
</testng-results>
