<?xml version="1.0" encoding="UTF-8"?>
<testng-results ignored="0" total="25" passed="25" failed="0" skipped="0">
  <reporter-output>
  </reporter-output>
  <suite started-at="2026-06-22T22:11:58 IST" name="LMS API Suite" finished-at="2026-06-22T22:13:54 IST" duration-ms="115582">
    <groups>
    </groups>
    <test started-at="2026-06-22T22:11:58 IST" name="API Test Cases" finished-at="2026-06-22T22:13:54 IST" duration-ms="115582">
      <class name="com.test.getAllNotes">
        <test-method signature="getAllNotesWithAllParams(java.lang.String,java.lang.String,java.lang.String,java.lang.String,java.lang.String,java.lang.String,java.lang.String)[pri:0, instance:com.test.getAllNotes@4372b9b6]" started-at="2026-06-22T22:12:46 IST" name="getAllNotesWithAllParams" data-provider="getAllNotes" finished-at="2026-06-22T22:12:52 IST" duration-ms="5651" status="PASS">
          <params>
            <param index="0">
              <value>
                <![CDATA[1]]>
              </value>
            </param>
            <param index="1">
              <value>
                <![CDATA[10]]>
              </value>
            </param>
            <param index="2">
              <value>
                <![CDATA[API]]>
              </value>
            </param>
            <param index="3">
              <value>
                <![CDATA[qa]]>
              </value>
            </param>
            <param index="4">
              <value>
                <![CDATA[TRUE]]>
              </value>
            </param>
            <param index="5">
              <value>
                <![CDATA[title]]>
              </value>
            </param>
            <param index="6">
              <value>
                <![CDATA[asc]]>
              </value>
            </param>
          </params>
          <reporter-output>
          </reporter-output>
        </test-method> <!-- getAllNotesWithAllParams -->
        <test-method signature="getAllNotesWithAllParams(java.lang.String,java.lang.String,java.lang.String,java.lang.String,java.lang.String,java.lang.String,java.lang.String)[pri:0, instance:com.test.getAllNotes@4372b9b6]" started-at="2026-06-22T22:12:52 IST" name="getAllNotesWithAllParams" data-provider="getAllNotes" finished-at="2026-06-22T22:12:57 IST" duration-ms="5096" status="PASS">
          <params>
            <param index="0">
              <value>
                <![CDATA[1]]>
              </value>
            </param>
            <param index="1">
              <value>
                <![CDATA[10]]>
              </value>
            </param>
            <param index="2">
              <value>
                <![CDATA[Python]]>
              </value>
            </param>
            <param index="3">
              <value>
                <![CDATA[]]>
              </value>
            </param>
            <param index="4">
              <value>
                <![CDATA[FALSE]]>
              </value>
            </param>
            <param index="5">
              <value>
                <![CDATA[createdAt]]>
              </value>
            </param>
            <param index="6">
              <value>
                <![CDATA[desc]]>
              </value>
            </param>
          </params>
          <reporter-output>
          </reporter-output>
        </test-method> <!-- getAllNotesWithAllParams -->
        <test-method signature="getAllNotesWithAllParams(java.lang.String,java.lang.String,java.lang.String,java.lang.String,java.lang.String,java.lang.String,java.lang.String)[pri:0, instance:com.test.getAllNotes@4372b9b6]" started-at="2026-06-22T22:12:57 IST" name="getAllNotesWithAllParams" data-provider="getAllNotes" finished-at="2026-06-22T22:13:02 IST" duration-ms="5639" status="PASS">
          <params>
            <param index="0">
              <value>
                <![CDATA[1]]>
              </value>
            </param>
            <param index="1">
              <value>
                <![CDATA[10]]>
              </value>
            </param>
            <param index="2">
              <value>
                <![CDATA[Selenium]]>
              </value>
            </param>
            <param index="3">
              <value>
                <![CDATA[qa]]>
              </value>
            </param>
            <param index="4">
              <value>
                <![CDATA[TRUE]]>
              </value>
            </param>
            <param index="5">
              <value>
                <![CDATA[updatedAt]]>
              </value>
            </param>
            <param index="6">
              <value>
                <![CDATA[asc]]>
              </value>
            </param>
          </params>
          <reporter-output>
          </reporter-output>
        </test-method> <!-- getAllNotesWithAllParams -->
        <test-method signature="getAllNotesWithAllParams(java.lang.String,java.lang.String,java.lang.String,java.lang.String,java.lang.String,java.lang.String,java.lang.String)[pri:0, instance:com.test.getAllNotes@4372b9b6]" started-at="2026-06-22T22:13:02 IST" name="getAllNotesWithAllParams" data-provider="getAllNotes" finished-at="2026-06-22T22:13:07 IST" duration-ms="5078" status="PASS">
          <params>
            <param index="0">
              <value>
                <![CDATA[2]]>
              </value>
            </param>
            <param index="1">
              <value>
                <![CDATA[5]]>
              </value>
            </param>
            <param index="2">
              <value>
                <![CDATA[API]]>
              </value>
            </param>
            <param index="3">
              <value>
                <![CDATA[demo]]>
              </value>
            </param>
            <param index="4">
              <value>
                <![CDATA[FALSE]]>
              </value>
            </param>
            <param index="5">
              <value>
                <![CDATA[title]]>
              </value>
            </param>
            <param index="6">
              <value>
                <![CDATA[desc]]>
              </value>
            </param>
          </params>
          <reporter-output>
          </reporter-output>
        </test-method> <!-- getAllNotesWithAllParams -->
        <test-method signature="getAllNotesWithAllParams(java.lang.String,java.lang.String,java.lang.String,java.lang.String,java.lang.String,java.lang.String,java.lang.String)[pri:0, instance:com.test.getAllNotes@4372b9b6]" started-at="2026-06-22T22:13:07 IST" name="getAllNotesWithAllParams" data-provider="getAllNotes" finished-at="2026-06-22T22:13:13 IST" duration-ms="5137" status="PASS">
          <params>
            <param index="0">
              <value>
                <![CDATA[3]]>
              </value>
            </param>
            <param index="1">
              <value>
                <![CDATA[5]]>
              </value>
            </param>
            <param index="2">
              <value>
                <![CDATA[API]]>
              </value>
            </param>
            <param index="3">
              <value>
                <![CDATA[demo]]>
              </value>
            </param>
            <param index="4">
              <value>
                <![CDATA[FALSE]]>
              </value>
            </param>
            <param index="5">
              <value>
                <![CDATA[updatedAt]]>
              </value>
            </param>
            <param index="6">
              <value>
                <![CDATA[desc]]>
              </value>
            </param>
          </params>
          <reporter-output>
          </reporter-output>
        </test-method> <!-- getAllNotesWithAllParams -->
        <test-method signature="getAllNotesWithBlankOptions(java.lang.String,java.lang.String,java.lang.String,java.lang.String,java.lang.String,java.lang.String,java.lang.String)[pri:0, instance:com.test.getAllNotes@4372b9b6]" started-at="2026-06-22T22:13:13 IST" name="getAllNotesWithBlankOptions" data-provider="blankOptions" finished-at="2026-06-22T22:13:19 IST" duration-ms="6281" status="PASS">
          <params>
            <param index="0">
              <value>
                <![CDATA[1]]>
              </value>
            </param>
            <param index="1">
              <value>
                <![CDATA[ ]]>
              </value>
            </param>
            <param index="2">
              <value>
                <![CDATA[API]]>
              </value>
            </param>
            <param index="3">
              <value>
                <![CDATA[qa]]>
              </value>
            </param>
            <param index="4">
              <value>
                <![CDATA[TRUE]]>
              </value>
            </param>
            <param index="5">
              <value>
                <![CDATA[title]]>
              </value>
            </param>
            <param index="6">
              <value>
                <![CDATA[asc]]>
              </value>
            </param>
          </params>
          <reporter-output>
          </reporter-output>
        </test-method> <!-- getAllNotesWithBlankOptions -->
        <test-method signature="getAllNotesWithBlankOptions(java.lang.String,java.lang.String,java.lang.String,java.lang.String,java.lang.String,java.lang.String,java.lang.String)[pri:0, instance:com.test.getAllNotes@4372b9b6]" started-at="2026-06-22T22:13:19 IST" name="getAllNotesWithBlankOptions" data-provider="blankOptions" finished-at="2026-06-22T22:13:25 IST" duration-ms="5955" status="PASS">
          <params>
            <param index="0">
              <value>
                <![CDATA[1]]>
              </value>
            </param>
            <param index="1">
              <value>
                <![CDATA[10]]>
              </value>
            </param>
            <param index="2">
              <value>
                <![CDATA[]]>
              </value>
            </param>
            <param index="3">
              <value>
                <![CDATA[qa]]>
              </value>
            </param>
            <param index="4">
              <value>
                <![CDATA[TRUE]]>
              </value>
            </param>
            <param index="5">
              <value>
                <![CDATA[title]]>
              </value>
            </param>
            <param index="6">
              <value>
                <![CDATA[asc]]>
              </value>
            </param>
          </params>
          <reporter-output>
          </reporter-output>
        </test-method> <!-- getAllNotesWithBlankOptions -->
        <test-method signature="getAllNotesWithBlankOptions(java.lang.String,java.lang.String,java.lang.String,java.lang.String,java.lang.String,java.lang.String,java.lang.String)[pri:0, instance:com.test.getAllNotes@4372b9b6]" started-at="2026-06-22T22:13:25 IST" name="getAllNotesWithBlankOptions" data-provider="blankOptions" finished-at="2026-06-22T22:13:30 IST" duration-ms="5072" status="PASS">
          <params>
            <param index="0">
              <value>
                <![CDATA[2]]>
              </value>
            </param>
            <param index="1">
              <value>
                <![CDATA[]]>
              </value>
            </param>
            <param index="2">
              <value>
                <![CDATA[API]]>
              </value>
            </param>
            <param index="3">
              <value>
                <![CDATA[]]>
              </value>
            </param>
            <param index="4">
              <value>
                <![CDATA[]]>
              </value>
            </param>
            <param index="5">
              <value>
                <![CDATA[]]>
              </value>
            </param>
            <param index="6">
              <value>
                <![CDATA[]]>
              </value>
            </param>
          </params>
          <reporter-output>
          </reporter-output>
        </test-method> <!-- getAllNotesWithBlankOptions -->
        <test-method signature="getAllNotesWithBlankOptions(java.lang.String,java.lang.String,java.lang.String,java.lang.String,java.lang.String,java.lang.String,java.lang.String)[pri:0, instance:com.test.getAllNotes@4372b9b6]" started-at="2026-06-22T22:13:30 IST" name="getAllNotesWithBlankOptions" data-provider="blankOptions" finished-at="2026-06-22T22:13:35 IST" duration-ms="5036" status="PASS">
          <params>
            <param index="0">
              <value>
                <![CDATA[1]]>
              </value>
            </param>
            <param index="1">
              <value>
                <![CDATA[]]>
              </value>
            </param>
            <param index="2">
              <value>
                <![CDATA[]]>
              </value>
            </param>
            <param index="3">
              <value>
                <![CDATA[]]>
              </value>
            </param>
            <param index="4">
              <value>
                <![CDATA[]]>
              </value>
            </param>
            <param index="5">
              <value>
                <![CDATA[]]>
              </value>
            </param>
            <param index="6">
              <value>
                <![CDATA[]]>
              </value>
            </param>
          </params>
          <reporter-output>
          </reporter-output>
        </test-method> <!-- getAllNotesWithBlankOptions -->
        <test-method signature="getAllNotesWithBlankOptions(java.lang.String,java.lang.String,java.lang.String,java.lang.String,java.lang.String,java.lang.String,java.lang.String)[pri:0, instance:com.test.getAllNotes@4372b9b6]" started-at="2026-06-22T22:13:35 IST" name="getAllNotesWithBlankOptions" data-provider="blankOptions" finished-at="2026-06-22T22:13:41 IST" duration-ms="6307" status="PASS">
          <params>
            <param index="0">
              <value>
                <![CDATA[1]]>
              </value>
            </param>
            <param index="1">
              <value>
                <![CDATA[5]]>
              </value>
            </param>
            <param index="2">
              <value>
                <![CDATA[]]>
              </value>
            </param>
            <param index="3">
              <value>
                <![CDATA[]]>
              </value>
            </param>
            <param index="4">
              <value>
                <![CDATA[FALSE]]>
              </value>
            </param>
            <param index="5">
              <value>
                <![CDATA[]]>
              </value>
            </param>
            <param index="6">
              <value>
                <![CDATA[]]>
              </value>
            </param>
          </params>
          <reporter-output>
          </reporter-output>
        </test-method> <!-- getAllNotesWithBlankOptions -->
        <test-method signature="getAllNotesWithBlankOptions(java.lang.String,java.lang.String,java.lang.String,java.lang.String,java.lang.String,java.lang.String,java.lang.String)[pri:0, instance:com.test.getAllNotes@4372b9b6]" started-at="2026-06-22T22:13:41 IST" name="getAllNotesWithBlankOptions" data-provider="blankOptions" finished-at="2026-06-22T22:13:48 IST" duration-ms="6966" status="PASS">
          <params>
            <param index="0">
              <value>
                <![CDATA[1]]>
              </value>
            </param>
            <param index="1">
              <value>
                <![CDATA[]]>
              </value>
            </param>
            <param index="2">
              <value>
                <![CDATA[Selenium]]>
              </value>
            </param>
            <param index="3">
              <value>
                <![CDATA[QA]]>
              </value>
            </param>
            <param index="4">
              <value>
                <![CDATA[TRUE]]>
              </value>
            </param>
            <param index="5">
              <value>
                <![CDATA[]]>
              </value>
            </param>
            <param index="6">
              <value>
                <![CDATA[]]>
              </value>
            </param>
          </params>
          <reporter-output>
          </reporter-output>
        </test-method> <!-- getAllNotesWithBlankOptions -->
        <test-method signature="validWithoutPara()[pri:0, instance:com.test.getAllNotes@4372b9b6]" started-at="2026-06-22T22:13:48 IST" name="validWithoutPara" finished-at="2026-06-22T22:13:54 IST" duration-ms="5510" status="PASS">
          <reporter-output>
          </reporter-output>
        </test-method> <!-- validWithoutPara -->
      </class> <!-- com.test.getAllNotes -->
      <class name="com.test.getAllInstitutions">
        <test-method signature="getALl()[pri:0, instance:com.test.getAllInstitutions@305a0c5f]" started-at="2026-06-22T22:12:33 IST" name="getALl" finished-at="2026-06-22T22:12:34 IST" duration-ms="605" status="PASS">
          <reporter-output>
          </reporter-output>
        </test-method> <!-- getALl -->
      </class> <!-- com.test.getAllInstitutions -->
      <class name="com.test.CreateNote">
        <test-method signature="createNote()[pri:0, instance:com.test.CreateNote@663411de]" started-at="2026-06-22T22:11:58 IST" name="createNote" finished-at="2026-06-22T22:12:07 IST" duration-ms="8738" status="PASS">
          <reporter-output>
          </reporter-output>
        </test-method> <!-- createNote -->
      </class> <!-- com.test.CreateNote -->
      <class name="com.test.healthCheck">
        <test-method signature="Check()[pri:0, instance:com.test.healthCheck@4535b6d5]" started-at="2026-06-22T22:12:34 IST" name="Check" finished-at="2026-06-22T22:12:35 IST" duration-ms="770" status="PASS">
          <reporter-output>
          </reporter-output>
        </test-method> <!-- Check -->
      </class> <!-- com.test.healthCheck -->
      <class name="com.test.getAllRole">
        <test-method signature="allRoles()[pri:0, instance:com.test.getAllRole@6ee660fb]" started-at="2026-06-22T22:12:26 IST" name="allRoles" finished-at="2026-06-22T22:12:33 IST" duration-ms="6970" status="PASS">
          <reporter-output>
          </reporter-output>
        </test-method> <!-- allRoles -->
        <test-method signature="allRolesWithoutToken()[pri:0, instance:com.test.getAllRole@6ee660fb]" started-at="2026-06-22T22:12:33 IST" name="allRolesWithoutToken" finished-at="2026-06-22T22:12:33 IST" duration-ms="360" status="PASS">
          <reporter-output>
          </reporter-output>
        </test-method> <!-- allRolesWithoutToken -->
      </class> <!-- com.test.getAllRole -->
      <class name="com.test.AdminLogin">
        <test-method signature="invalEmail(java.lang.String,java.lang.String)[pri:0, instance:com.test.AdminLogin@1ecee32c]" started-at="2026-06-22T22:12:36 IST" name="invalEmail" data-provider="invalidEmail" finished-at="2026-06-22T22:12:36 IST" duration-ms="613" status="PASS">
          <params>
            <param index="0">
              <value>
                <![CDATA[sam1@gmail.com]]>
              </value>
            </param>
            <param index="1">
              <value>
                <![CDATA[123]]>
              </value>
            </param>
          </params>
          <reporter-output>
          </reporter-output>
        </test-method> <!-- invalEmail -->
        <test-method signature="invalPassword(java.lang.String,java.lang.String)[pri:0, instance:com.test.AdminLogin@1ecee32c]" started-at="2026-06-22T22:12:36 IST" name="invalPassword" data-provider="invalidPassword" finished-at="2026-06-22T22:12:40 IST" duration-ms="3944" status="PASS">
          <params>
            <param index="0">
              <value>
                <![CDATA[sam@gmail.com]]>
              </value>
            </param>
            <param index="1">
              <value>
                <![CDATA[1234]]>
              </value>
            </param>
          </params>
          <reporter-output>
          </reporter-output>
        </test-method> <!-- invalPassword -->
        <test-method signature="validLogin()[pri:0, instance:com.test.AdminLogin@1ecee32c]" started-at="2026-06-22T22:12:40 IST" name="validLogin" finished-at="2026-06-22T22:12:44 IST" duration-ms="4228" status="PASS">
          <reporter-output>
          </reporter-output>
        </test-method> <!-- validLogin -->
        <test-method signature="withoutdata(java.lang.String,java.lang.String)[pri:0, instance:com.test.AdminLogin@1ecee32c]" started-at="2026-06-22T22:12:45 IST" name="withoutdata" data-provider="withoutdata" finished-at="2026-06-22T22:12:45 IST" duration-ms="611" status="PASS">
          <params>
            <param index="0">
              <value>
                <![CDATA[  ]]>
              </value>
            </param>
            <param index="1">
              <value>
                <![CDATA[  ]]>
              </value>
            </param>
          </params>
          <reporter-output>
          </reporter-output>
        </test-method> <!-- withoutdata -->
        <test-method signature="withoutdata(java.lang.String,java.lang.String)[pri:0, instance:com.test.AdminLogin@1ecee32c]" started-at="2026-06-22T22:12:45 IST" name="withoutdata" data-provider="withoutdata" finished-at="2026-06-22T22:12:46 IST" duration-ms="376" status="PASS">
          <params>
            <param index="0">
              <value>
                <![CDATA[da@gmail.com]]>
              </value>
            </param>
            <param index="1">
              <value>
                <![CDATA[]]>
              </value>
            </param>
          </params>
          <reporter-output>
          </reporter-output>
        </test-method> <!-- withoutdata -->
        <test-method signature="withoutdata(java.lang.String,java.lang.String)[pri:0, instance:com.test.AdminLogin@1ecee32c]" started-at="2026-06-22T22:12:46 IST" name="withoutdata" data-provider="withoutdata" finished-at="2026-06-22T22:12:46 IST" duration-ms="365" status="PASS">
          <params>
            <param index="0">
              <value>
                <![CDATA[]]>
              </value>
            </param>
            <param index="1">
              <value>
                <![CDATA[123]]>
              </value>
            </param>
          </params>
          <reporter-output>
          </reporter-output>
        </test-method> <!-- withoutdata -->
      </class> <!-- com.test.AdminLogin -->
      <class name="com.test.getAllCourse">
        <test-method signature="getALLcourse()[pri:0, instance:com.test.getAllCourse@34cdeda2]" started-at="2026-06-22T22:12:07 IST" name="getALLcourse" finished-at="2026-06-22T22:12:17 IST" duration-ms="10136" status="PASS">
          <reporter-output>
          </reporter-output>
        </test-method> <!-- getALLcourse -->
        <test-method signature="getAllcourseWithoutToken()[pri:0, instance:com.test.getAllCourse@34cdeda2]" started-at="2026-06-22T22:12:17 IST" name="getAllcourseWithoutToken" finished-at="2026-06-22T22:12:26 IST" duration-ms="8937" status="PASS">
          <reporter-output>
          </reporter-output>
        </test-method> <!-- getAllcourseWithoutToken -->
      </class> <!-- com.test.getAllCourse -->
    </test> <!-- API Test Cases -->
  </suite> <!-- LMS API Suite -->
</testng-results>
